Base path: 'C:/Program Files/Unity/Hub/Editor/2021.3.21f1/Editor/Data', plugins path 'C:/Program Files/Unity/Hub/Editor/2021.3.21f1/Editor/Data/PlaybackEngines'
Cmd: initializeCompiler

Cmd: disassembleShader
 name=Standard platform=gles3 type=4 mask=6 insize=9073 outsize=9073 ok=1

Cmd: disassembleShader
 name=Standard platform=gles3 type=4 mask=6 insize=5841 outsize=5841 ok=1

Cmd: disassembleShader
 name=Standard platform=gles3 type=4 mask=6 insize=9642 outsize=9642 ok=1

Cmd: disassembleShader
 name=Standard platform=vulkan type=25 mask=6 insize=5107 outsize=46435 ok=1

Cmd: disassembleShader
 name=Standard platform=vulkan type=25 mask=6 insize=5067 outsize=46354 ok=1

Cmd: disassembleShader
 name=Standard platform=vulkan type=25 mask=6 insize=1904 outsize=16237 ok=1

Cmd: disassembleShader
 name=Standard platform=vulkan type=25 mask=6 insize=4025 outsize=39079 ok=1

Cmd: disassembleShader
 name=Standard platform=gles3 type=4 mask=6 insize=11317 outsize=11317 ok=1

Cmd: disassembleShader
 name=Standard platform=gles3 type=4 mask=6 insize=10158 outsize=10158 ok=1

Cmd: disassembleShader
 name=Standard platform=vulkan type=25 mask=6 insize=5234 outsize=52223 ok=1

Cmd: compileSnippet
  insize=1442 file=Assets/DefaultResourcesExtra/Standard pass=FORWARD cachingPP=1 ppOnly=0 stripLineD=0 buildPlatform=13 rsLen=0 pKW=UNITY_NO_DXT5nm UNITY_NO_RGBM UNITY_ENABLE_REFLECTION_BUFFERS UNITY_NO_CUBEMAP_ARRAY UNITY_NO_SCREENSPACE_SHADOWS UNITY_PBS_USE_BRDF2 SHADER_API_MOBILE UNITY_LIGHTMAP_RGBM_ENCODING UNITY_PASS_FORWARDBASE uKW=DIRECTIONAL SHADOWS_SCREEN _SPECULARHIGHLIGHTS_OFF _GLOSSYREFLECTIONS_OFF dKW=FOG_LINEAR FOG_EXP FOG_EXP2 _NORMALMAP _ALPHATEST_ON _ALPHABLEND_ON _ALPHAPREMULTIPLY_ON _METALLICGLOSSMAP LIGHTPROBE_SH SHADOWS_SHADOWMASK DYNAMICLIGHTMAP_ON LIGHTMAP_ON LIGHTMAP_SHADOW_MIXING VERTEXLIGHT_ON UNITY_FRAMEBUFFER_FETCH_AVAILABLE UNITY_ENABLE_NATIVE_SHADOW_LOOKUPS UNITY_METAL_SHADOWS_USE_POINT_FILTERING UNITY_USE_DITHER_MASK_FOR_ALPHABLENDED_SHADOWS UNITY_PBS_USE_BRDF1 UNITY_PBS_USE_BRDF3 UNITY_NO_FULL_STANDARD_SHADER UNITY_SPECCUBE_BOX_PROJECTION UNITY_SPECCUBE_BLENDING UNITY_ENABLE_DETAIL_NORMALMAP UNITY_HARDWARE_TIER1 UNITY_HARDWARE_TIER2 UNITY_HARDWARE_TIER3 UNITY_COLORSPACE_GAMMA UNITY_LIGHT_PROBE_PROXY_VOLUME UNITY_HALF_PRECISION_FRAGMENT_SHADER_REGISTERS UNITY_LIGHTMAP_DLDR_ENCODING UNITY_LIGHTMAP_FULL_HDR UNITY_VIRTUAL_TEXTURING UNITY_PRETRANSFORM_TO_DISPLAY_ORIENTATION UNITY_ASTC_NORMALMAP_ENCODING SHADER_API_GLES30 UNITY_UNIFIED_SHADER_PRECISION_MODEL flags=268435456 lang=0 type=Vertex platform=vulkan reqs=227 mask=6 start=237 ok=1 outsize=5058

Cmd: disassembleShader
 name=Standard platform=vulkan type=25 mask=6 insize=5058 outsize=49089 ok=1

Cmd: disassembleShader
 name=Standard platform=gles3 type=4 mask=6 insize=4856 outsize=4856 ok=1

Cmd: disassembleShader
 name=Standard platform=vulkan type=25 mask=6 insize=3168 outsize=28680 ok=1

Cmd: disassembleShader
 name=Standard platform=vulkan type=25 mask=6 insize=5311 outsize=49121 ok=1

Cmd: disassembleShader
 name=Standard platform=vulkan type=25 mask=6 insize=5230 outsize=47972 ok=1

Cmd: shutdown
